<?xml version="1.0" encoding="UTF-8"?>
<!-- Generated by org.testng.reporters.JUnitXMLReporter -->
<testsuite ignored="0" hostname="LAPTOP-ASAABB0V" failures="3" tests="4" name="Test" time="37.235" errors="0" timestamp="2026-01-19T14:23:44 IST">
  <testcase classname="testCases.TC003_LoginDDT2" name="verify_loginDDT" time="1.438"/>
  <testcase classname="testCases.TC003_LoginDDT2" name="verify_loginDDT" time="10.116">
    <failure type="java.lang.AssertionError" message="null">
      <![CDATA[java.lang.AssertionError: null
at testCases.TC003_LoginDDT2.verify_loginDDT(TC003_LoginDDT2.java:51)
at java.base/java.util.ArrayList.forEach(ArrayList.java:1596)
... Removed 27 stack frames]]>
    </failure>
  </testcase> <!-- verify_loginDDT -->
  <testcase classname="testCases.TC003_LoginDDT2" name="verify_loginDDT" time="10.093">
    <failure type="java.lang.AssertionError" message="null">
      <![CDATA[java.lang.AssertionError: null
at testCases.TC003_LoginDDT2.verify_loginDDT(TC003_LoginDDT2.java:51)
at java.base/java.util.ArrayList.forEach(ArrayList.java:1596)
... Removed 27 stack frames]]>
    </failure>
  </testcase> <!-- verify_loginDDT -->
  <testcase classname="testCases.TC003_LoginDDT2" name="verify_loginDDT" time="10.151">
    <failure type="java.lang.AssertionError" message="null">
      <![CDATA[java.lang.AssertionError: null
at testCases.TC003_LoginDDT2.verify_loginDDT(TC003_LoginDDT2.java:51)
at java.base/java.util.ArrayList.forEach(ArrayList.java:1596)
... Removed 27 stack frames]]>
    </failure>
  </testcase> <!-- verify_loginDDT -->
</testsuite> <!-- Test -->
